[INFO] 2025-08-05 12:39:48,060 users views:67 Новый пользователь зарегистрирован: test@bk.ru
[INFO] 2025-08-05 12:39:48,671 users views:78 Автоматический вход после регистрации: test@bk.ru
[WARNING] 2025-08-05 13:25:23,816 users views:87 Форма регистрации заполнена некорректно.
[ERROR] 2025-08-05 13:25:50,491 users views:84 Ошибка при сохранении пользователя: ОШИБКА:  повторяющееся значение ключа нарушает ограничение уникальности "users_profile_phone_0ff15728_uniq"
DETAIL:  Ключ "(phone)=(+7-999-999-99-99)" уже существует.

[WARNING] 2025-08-05 13:31:34,349 users views:87 Форма регистрации заполнена некорректно.
[WARNING] 2025-08-05 13:32:16,962 users views:87 Форма регистрации заполнена некорректно.
[WARNING] 2025-08-05 13:32:48,740 users views:87 Форма регистрации заполнена некорректно.
[ERROR] 2025-08-05 13:33:16,008 users views:84 Ошибка при сохранении пользователя: ОШИБКА:  повторяющееся значение ключа нарушает ограничение уникальности "users_profile_phone_0ff15728_uniq"
DETAIL:  Ключ "(phone)=(+7-999-999-99-99)" уже существует.

[WARNING] 2025-08-05 13:35:07,433 users views:87 Форма регистрации заполнена некорректно.
[INFO] 2025-08-05 13:36:37,079 users views:67 Новый пользователь зарегистрирован: testing35@bk.ru
[INFO] 2025-08-05 13:36:37,588 users views:78 Автоматический вход после регистрации: testing35@bk.ru
[WARNING] 2025-08-05 13:42:17,419 users views:87 Форма регистрации заполнена некорректно.
[INFO] 2025-08-05 13:42:35,929 users views:67 Новый пользователь зарегистрирован: test222@bk.ru
[INFO] 2025-08-05 13:42:36,443 users views:78 Автоматический вход после регистрации: test222@bk.ru
[INFO] 2025-08-05 15:58:41,718 users views:67 Новый пользователь зарегистрирован: a@gmail.com
[INFO] 2025-08-05 15:58:42,240 users views:78 Автоматический вход после регистрации: a@gmail.com
[INFO] 2025-08-05 16:17:38,912 users views:66 Новый пользователь: d@bk.ru
[INFO] 2025-08-05 16:17:38,929 users views:71 Автовход для d@bk.ru
